{
  "RSpec": {
    "coverage": {
      "/Users/yanyi/Documents/Projects/checkout/spec/checkout_spec.rb": [
        1,
        null,
        1,
        4,
        null,
        1,
        1,
        1,
        1,
        null,
        null,
        null,
        1,
        1,
        1,
        1,
        1,
        1,
        null,
        null,
        null,
        1,
        1,
        1,
        1,
        1,
        null,
        null,
        null
      ],
      "/Users/yanyi/Documents/Projects/checkout/lib/checkout.rb": [
        1,
        1,
        null,
        1,
        null,
        1,
        5,
        5,
        null,
        null,
        1,
        9,
        9,
        null,
        null
      ],
      "/Users/yanyi/Documents/Projects/checkout/spec/features/user_stories_spec.rb": [
        1,
        null,
        1,
        3,
        null,
        null,
        null,
        null,
        1,
        2,
        null,
        null,
        null,
        null,
        null,
        1,
        1,
        1,
        1,
        null,
        null
      ]
    },
    "timestamp": 1468926241
  }
}
