{
  "RSpec": {
    "coverage": {
      "/Users/yanyi/Documents/Projects/checkout/spec/checkout_spec.rb": [
        1,
        null,
        1,
        8,
        8,
        null,
        1,
        1,
        1,
        1,
        null,
        null,
        null,
        1,
        1,
        1,
        1,
        1,
        1,
        null,
        null,
        null,
        1,
        1,
        1,
        1,
        1,
        null,
        null,
        1,
        1,
        1,
        1,
        null,
        null,
        null,
        1,
        1,
        2,
        2,
        null,
        null,
        1,
        1,
        1,
        1,
        null,
        null,
        1,
        1,
        1,
        1,
        1,
        null,
        null,
        null,
        1,
        1,
        1,
        1,
        null,
        null,
        1,
        1,
        1,
        1,
        1,
        null,
        null,
        null,
        1,
        1,
        1,
        1,
        null,
        null,
        1,
        1,
        1,
        1,
        1,
        1,
        null,
        null,
        null,
        null
      ],
      "/Users/yanyi/Documents/Projects/checkout/lib/checkout.rb": [
        1,
        1,
        null,
        1,
        1,
        null,
        1,
        null,
        1,
        12,
        12,
        12,
        12,
        null,
        null,
        1,
        30,
        30,
        null,
        null,
        1,
        9,
        9,
        9,
        null,
        null,
        1,
        null,
        1,
        null,
        1,
        9,
        9,
        null,
        null
      ],
      "/Users/yanyi/Documents/Projects/checkout/lib/promotional_rule.rb": [
        1,
        1,
        1,
        null,
        1,
        6,
        null,
        null,
        1,
        6,
        null,
        null,
        1,
        null,
        1,
        9,
        null,
        null,
        1,
        6,
        null,
        null,
        1,
        6,
        null,
        null
      ],
      "/Users/yanyi/Documents/Projects/checkout/spec/features/user_stories_spec.rb": [
        1,
        null,
        1,
        6,
        null,
        null,
        null,
        null,
        1,
        2,
        null,
        null,
        null,
        null,
        null,
        1,
        1,
        1,
        1,
        null,
        null,
        null,
        null,
        null,
        1,
        1,
        1,
        1,
        null,
        null,
        1,
        1,
        1,
        1,
        1,
        null,
        null,
        1,
        1,
        1,
        1,
        1,
        1,
        null,
        null
      ],
      "/Users/yanyi/Documents/Projects/checkout/spec/promotional_rule_spec.rb": [
        1,
        null,
        1,
        5,
        null,
        1,
        1,
        1,
        null,
        null,
        1,
        1,
        null,
        null,
        null,
        1,
        1,
        1,
        null,
        null,
        1,
        1,
        null,
        null,
        null
      ]
    },
    "timestamp": 1468974548
  }
}
